<?xml version="1.0" encoding="UTF-8"?>
<!-- Generated by org.testng.reporters.JUnitReportReporter -->
<testsuite hostname="DESKTOP-18BP1P8" failures="0" tests="16" name="Save_Your_Progress_Test.Save_Your_Progress_Test" time="128.057" errors="0" timestamp="2022-09-30T19:43:03 IST" skipped="0">
  <testcase classname="Save_Your_Progress_Test.Save_Your_Progress_Test" name="login" time="4.660"/>
  <system-out/>
  <testcase classname="Save_Your_Progress_Test.Save_Your_Progress_Test" name="Home_Page" time="5.281"/>
  <system-out>
    <![CDATA[The URL for home page is https://enroll.grafik-stage.io/home
 
Click on Student Name 
 
Click on start Enrollment 
 ]]>
  </system-out>
  <testcase classname="Save_Your_Progress_Test.Save_Your_Progress_Test" name="Form_Page" time="21.276"/>
  <system-out>
    <![CDATA[The first Name is entered
 
The Student Preffered Name is entered
 
The Last Name is entered
 
The Middle Initial Name is entered
 
The Date of year is selected
 
The Date of month is selected
 
The Date is selected
 
The gender is selected
 
The checkbox is already selected
 
Click on save your progress button
 
The Progress is saved of Form Page 1 --> ×
Your progress has been saved successfully.
]]>
  </system-out>
  <testcase classname="Save_Your_Progress_Test.Save_Your_Progress_Test" name="Form_Page_2" time="6.577"/>
  <system-out>
    <![CDATA[Click On Save Your Progress Button 
 
The Progress is saved of Form Page 2 --> ×
Your progress has been saved successfully.
]]>
  </system-out>
  <testcase classname="Save_Your_Progress_Test.Save_Your_Progress_Test" name="Form_Page_3" time="6.804"/>
  <system-out>
    <![CDATA[Click On Save Your Progress Button 
 
The Progress is saved of Form Page 3 --> ×
Your progress has been saved successfully.
]]>
  </system-out>
  <testcase classname="Save_Your_Progress_Test.Save_Your_Progress_Test" name="Form_Page_4" time="5.604"/>
  <system-out>
    <![CDATA[Click On Save Your Progress Button 
 
The Progress is saved of Form Page 4 --> ×
Your progress has been saved successfully.
]]>
  </system-out>
  <testcase classname="Save_Your_Progress_Test.Save_Your_Progress_Test" name="Form_Page_5" time="6.552"/>
  <system-out>
    <![CDATA[Click On Save Your Progress Button 
 
The Progress is saved of Form Page 5 --> ×
Your progress has been saved successfully.
]]>
  </system-out>
  <testcase classname="Save_Your_Progress_Test.Save_Your_Progress_Test" name="Form_Page_6" time="6.966"/>
  <system-out>
    <![CDATA[Click On Save Your Progress Button 
 
The Progress is saved of Form Page 6 --> ×
Your progress has been saved successfully.
]]>
  </system-out>
  <testcase classname="Save_Your_Progress_Test.Save_Your_Progress_Test" name="Form_Page_7" time="9.355"/>
  <system-out>
    <![CDATA[Student Name is entered Oliver
Click On Save Your Progress Button 
 
The Progress is saved of Form Page 7 --> ×
Your progress has been saved successfully.
]]>
  </system-out>
  <testcase classname="Save_Your_Progress_Test.Save_Your_Progress_Test" name="Form_Page_8" time="10.320"/>
  <system-out>
    <![CDATA[Click On Save Your Progress Button 
 
The Progress is saved of Form Page 8 --> ×
Your progress has been saved successfully.
]]>
  </system-out>
  <testcase classname="Save_Your_Progress_Test.Save_Your_Progress_Test" name="Form_Page_9" time="5.559"/>
  <system-out>
    <![CDATA[Click On Save Your Progress Button 
 
The Progress is saved of Form Page 9 --> ×
Your progress has been saved successfully.
]]>
  </system-out>
  <testcase classname="Save_Your_Progress_Test.Save_Your_Progress_Test" name="Form_Page_10" time="5.476"/>
  <system-out>
    <![CDATA[Click on save your Progress Button 
 
The Progress is saved of Form Page 10 --> ×
Your progress has been saved successfully.
]]>
  </system-out>
  <testcase classname="Save_Your_Progress_Test.Save_Your_Progress_Test" name="Form_Page_11" time="5.970"/>
  <system-out>
    <![CDATA[Click On Save Your Progress Button 
 
The Progress is saved of Form Page 11 --> ×
Your progress has been saved successfully.
]]>
  </system-out>
  <testcase classname="Save_Your_Progress_Test.Save_Your_Progress_Test" name="Form_Page_12" time="5.492"/>
  <system-out>
    <![CDATA[Click On Save Your Progress Button 
 
The Progress is saved of Form Page 12 --> ×
Your progress has been saved successfully.
]]>
  </system-out>
  <testcase classname="Save_Your_Progress_Test.Save_Your_Progress_Test" name="Form_Page_13" time="15.503"/>
  <system-out>
    <![CDATA[The reason is entered
The Adults Name is entered
The Adults Name is entered
The Changes are entered
The Preffered Name is entered
The Pronunciation is entered
The Pronouns is entered
Click On Save Your Progress Button 
 
The Progress is saved of Form Page 13 --> ×
Your progress has been saved successfully.
]]>
  </system-out>
  <testcase classname="Save_Your_Progress_Test.Save_Your_Progress_Test" name="Form_Page_14" time="6.662"/>
  <system-out>
    <![CDATA[Click On Save Your Progress Button 
 
The Progress is saved of Form Page 14 --> ×
Your progress has been saved successfully.
]]>
  </system-out>
</testsuite> <!-- Save_Your_Progress_Test.Save_Your_Progress_Test -->
