<?xml version="1.0" encoding="UTF-8"?>
<!-- Generated by org.testng.reporters.JUnitReportReporter -->
<testsuite hostname="DESKTOP-18BP1P8" failures="0" tests="2" name="Home_Page_Logo_Test.Home_Page_Logo_Test" time="23.145" errors="0" timestamp="2022-09-30T18:05:08 IST" skipped="0">
  <testcase classname="Home_Page_Logo_Test.Home_Page_Logo_Test" name="login" time="4.719"/>
  <system-out/>
  <testcase classname="Home_Page_Logo_Test.Home_Page_Logo_Test" name="Home_Page" time="18.426"/>
  <system-out>
    <![CDATA[The homepage logo is displayed

The URL for home page is https://enroll.grafik-stage.io/home

Click on Student Name 
 
Clicked On Start Enrollment Button
 
Clicked on Logo

The user navigate to Home Page Successfully

The actual and expected URL's are same and The Homepage is displayed
]]>
  </system-out>
</testsuite> <!-- Home_Page_Logo_Test.Home_Page_Logo_Test -->
